#
# There is insufficient memory for the Java Runtime Environment to continue.
# Native memory allocation (malloc) failed to allocate 1048576 bytes for AllocateHeap
# Possible reasons:
#   The system is out of physical RAM or swap space
#   The process is running with CompressedOops enabled, and the Java Heap may be blocking the growth of the native heap
# Possible solutions:
#   Reduce memory load on the system
#   Increase physical memory or swap space
#   Check if swap backing store is full
#   Decrease Java heap size (-Xmx/-Xms)
#   Decrease number of Java threads
#   Decrease Java thread stack sizes (-Xss)
#   Set larger code cache with -XX:ReservedCodeCacheSize=
#   JVM is running with Unscaled Compressed Oops mode in which the Java heap is
#     placed in the first 4GB address space. The Java Heap base address is the
#     maximum limit for the native heap growth. Please use -XX:HeapBaseMinAddress
#     to set the Java Heap base and to place the Java Heap above 4GB virtual address.
# This output file may be truncated or incomplete.
#
#  Out of Memory Error (./open/src/hotspot/share/memory/allocation.cpp:46), pid=15548, tid=12328
#
# JRE version: Java(TM) SE Runtime Environment 18.9 (11.0.16.1+1) (build 11.0.16.1+1-LTS-1)
# Java VM: Java HotSpot(TM) 64-Bit Server VM 18.9 (11.0.16.1+1-LTS-1, mixed mode, tiered, compressed oops, g1 gc, windows-amd64)
# No core dump will be written. Minidumps are not enabled by default on client versions of Windows
#

---------------  S U M M A R Y ------------

Command Line: -ea -Didea.test.cyclic.buffer.size=1048576 -javaagent:C:\Program Files\JetBrains\IntelliJ IDEA Community Edition 2022.2.2\lib\idea_rt.jar=64790:C:\Program Files\JetBrains\IntelliJ IDEA Community Edition 2022.2.2\bin -Dfile.encoding=UTF-8 com.intellij.rt.testng.RemoteTestNGStarter -usedefaultlisteners false -socket64789 @w@C:\Users\Golden\AppData\Local\Temp\idea_working_dirs_testng1.tmp -temp C:\Users\Golden\AppData\Local\Temp\idea_testng1.tmp

Host: Intel(R) Core(TM) i7-6500U CPU @ 2.50GHz, 4 cores, 7G,  Windows 10 , 64 bit Build 19041 (10.0.19041.1889)
Time: Sun Sep 18 16:25:33 2022 W. Europe Daylight Time elapsed time: 0.795942 seconds (0d 0h 0m 0s)

---------------  T H R E A D  ---------------

Current thread (0x0000023c9dd7b800):  VMThread "VM Thread" [stack: 0x000000d7c7000000,0x000000d7c7100000] [id=12328]

Stack: [0x000000d7c7000000,0x000000d7c7100000]
[error occurred during error reporting (printing stack bounds), id 0xc0000005, EXCEPTION_ACCESS_VIOLATION (0xc0000005) at pc=0x0000023c875f0f2d]

Native frames: (J=compiled Java code, j=interpreted, Vv=VM code, C=native code)
V  [jvm.dll+0x62a3da]
V  [jvm.dll+0x76407f]
V  [jvm.dll+0x765729]
V  [jvm.dll+0x765d15]
V  [jvm.dll+0x765ccb]
V  [jvm.dll+0x6298c3]
V  [jvm.dll+0x629fd8]
C  [ntdll.dll+0xa229f]
C  [ntdll.dll+0x51454]
C  [ntdll.dll+0xa0dce]
C  0x0000023c875f0f2d

VM_Operation (0x000000d7c6afd9b0): CollectForMetadataAllocation, mode: safepoint, requested by thread 0x0000023cfd2b9800


---------------  P R O C E S S  ---------------

Threads class SMR info:
_java_thread_list=0x0000023c9e982e00, length=11, elements={
0x0000023cfd2b9800, 0x0000023c9dda2800, 0x0000023c9ddac000, 0x0000023c9e763000,
0x0000023c9ddbe000, 0x0000023c9ddbf000, 0x0000023c9ddd1800, 0x0000023c9dddd000,
0x0000023c9dddf800, 0x0000023c9dd36800, 0x0000023c9e956800
}

Java Threads: ( => current thread )
  0x0000023cfd2b9800 JavaThread "main" [_thread_blocked, id=12088, stack(0x000000d7c6a00000,0x000000d7c6b00000)]
  0x0000023c9dda2800 JavaThread "Reference Handler" daemon [_thread_blocked, id=7856, stack(0x000000d7c7100000,0x000000d7c7200000)]
  0x0000023c9ddac000 JavaThread "Finalizer" daemon [_thread_blocked, id=792, stack(0x000000d7c7200000,0x000000d7c7300000)]
  0x0000023c9e763000 JavaThread "Signal Dispatcher" daemon [_thread_blocked, id=16740, stack(0x000000d7c7300000,0x000000d7c7400000)]
  0x0000023c9ddbe000 JavaThread "Attach Listener" daemon [_thread_blocked, id=16088, stack(0x000000d7c7400000,0x000000d7c7500000)]
  0x0000023c9ddbf000 JavaThread "Service Thread" daemon [_thread_blocked, id=17428, stack(0x000000d7c7500000,0x000000d7c7600000)]
  0x0000023c9ddd1800 JavaThread "C2 CompilerThread0" daemon [_thread_blocked, id=18408, stack(0x000000d7c7600000,0x000000d7c7700000)]
  0x0000023c9dddd000 JavaThread "C1 CompilerThread0" daemon [_thread_blocked, id=7912, stack(0x000000d7c7700000,0x000000d7c7800000)]
  0x0000023c9dddf800 JavaThread "Sweeper thread" daemon [_thread_blocked, id=2904, stack(0x000000d7c7800000,0x000000d7c7900000)]
  0x0000023c9dd36800 JavaThread "Common-Cleaner" daemon [_thread_blocked, id=11632, stack(0x000000d7c7900000,0x000000d7c7a00000)]
  0x0000023c9e956800 JavaThread "Monitor Ctrl-Break" daemon [_thread_in_native, id=14916, stack(0x000000d7c7a00000,0x000000d7c7b00000)]

Other Threads:
=>0x0000023c9dd7b800 VMThread "VM Thread" [stack: 0x000000d7c7000000,0x000000d7c7100000] [id=12328]
  0x0000023c9e957800 WatcherThread [stack: 0x000000d7c7b00000,0x000000d7c7c00000] [id=17132]
  0x0000023cfd2cf800 GCTaskThread "GC Thread#0" [stack: 0x000000d7c6b00000,0x000000d7c6c00000] [id=14820]
  0x0000023c9ea29800 GCTaskThread "GC Thread#1" [stack: 0x000000d7c7c00000,0x000000d7c7d00000] [id=1020]
  0x0000023c9ebb3800 GCTaskThread "GC Thread#2" [stack: 0x000000d7c7d00000,0x000000d7c7e00000] [id=2844]
  0x0000023cfd2ff000 ConcurrentGCThread "G1 Main Marker" [stack: 0x000000d7c6c00000,0x000000d7c6d00000] [id=15452]
  0x0000023cfd302000 ConcurrentGCThread "G1 Conc#0" [stack: 0x000000d7c6d00000,0x000000d7c6e00000] [id=12972]
  0x0000023cfd394000 ConcurrentGCThread "G1 Refine#0" [stack: 0x000000d7c6e00000,0x000000d7c6f00000] [id=10244]
  0x0000023cfd395000 ConcurrentGCThread "G1 Young RemSet Sampling" [stack: 0x000000d7c6f00000,0x000000d7c7000000] [id=16220]

Threads with active compile tasks:
C2 CompilerThread0      886  363       4       java.lang.StringLatin1::replace (196 bytes)

VM state:at safepoint (normal execution)

VM Mutex/Monitor currently owned by a thread:  ([mutex/lock_event])
[0x0000023cfd2b6290] Threads_lock - owner thread: 0x0000023c9dd7b800
[0x0000023cfd2b6710] Heap_lock - owner thread: 0x0000023cfd2b9800

Heap address: 0x0000000081a00000, size: 2022 MB, Compressed Oops mode: 32-bit
Narrow klass base: 0x0000000000000000, Narrow klass shift: 3
Compressed class space size: 1073741824 Address: 0x0000000100000000

Heap:
 garbage-first heap   total 131072K, used 1781K [0x0000000081a00000, 0x0000000100000000)
  region size 1024K, 2 young (2048K), 2 survivors (2048K)
 Metaspace       used 7209K, capacity 7303K, committed 7424K, reserved 1064960K
  class space    used 643K, capacity 670K, committed 768K, reserved 1048576K
Heap Regions: E=young(eden), S=young(survivor), O=old, HS=humongous(starts), HC=humongous(continues), CS=collection set, F=free, A=archive, TAMS=top-at-mark-start (previous, next)
|   0|0x0000000081a00000, 0x0000000081a00000, 0x0000000081b00000|  0%| F|  |TAMS 0x0000000081a00000, 0x0000000081a00000| Untracked 
|   1|0x0000000081b00000, 0x0000000081b00000, 0x0000000081c00000|  0%| F|  |TAMS 0x0000000081b00000, 0x0000000081b00000| Untracked 
|   2|0x0000000081c00000, 0x0000000081c00000, 0x0000000081d00000|  0%| F|  |TAMS 0x0000000081c00000, 0x0000000081c00000| Untracked 
|   3|0x0000000081d00000, 0x0000000081d00000, 0x0000000081e00000|  0%| F|  |TAMS 0x0000000081d00000, 0x0000000081d00000| Untracked 
|   4|0x0000000081e00000, 0x0000000081e00000, 0x0000000081f00000|  0%| F|  |TAMS 0x0000000081e00000, 0x0000000081e00000| Untracked 
|   5|0x0000000081f00000, 0x0000000081f00000, 0x0000000082000000|  0%| F|  |TAMS 0x0000000081f00000, 0x0000000081f00000| Untracked 
|   6|0x0000000082000000, 0x0000000082000000, 0x0000000082100000|  0%| F|  |TAMS 0x0000000082000000, 0x0000000082000000| Untracked 
|   7|0x0000000082100000, 0x0000000082100000, 0x0000000082200000|  0%| F|  |TAMS 0x0000000082100000, 0x0000000082100000| Untracked 
|   8|0x0000000082200000, 0x0000000082200000, 0x0000000082300000|  0%| F|  |TAMS 0x0000000082200000, 0x0000000082200000| Untracked 
|   9|0x0000000082300000, 0x0000000082300000, 0x0000000082400000|  0%| F|  |TAMS 0x0000000082300000, 0x0000000082300000| Untracked 
|  10|0x0000000082400000, 0x0000000082400000, 0x0000000082500000|  0%| F|  |TAMS 0x0000000082400000, 0x0000000082400000| Untracked 
|  11|0x0000000082500000, 0x0000000082500000, 0x0000000082600000|  0%| F|  |TAMS 0x0000000082500000, 0x0000000082500000| Untracked 
|  12|0x0000000082600000, 0x0000000082600000, 0x0000000082700000|  0%| F|  |TAMS 0x0000000082600000, 0x0000000082600000| Untracked 
|  13|0x0000000082700000, 0x0000000082700000, 0x0000000082800000|  0%| F|  |TAMS 0x0000000082700000, 0x0000000082700000| Untracked 
|  14|0x0000000082800000, 0x0000000082800000, 0x0000000082900000|  0%| F|  |TAMS 0x0000000082800000, 0x0000000082800000| Untracked 
|  15|0x0000000082900000, 0x0000000082900000, 0x0000000082a00000|  0%| F|  |TAMS 0x0000000082900000, 0x0000000082900000| Untracked 
|  16|0x0000000082a00000, 0x0000000082a00000, 0x0000000082b00000|  0%| F|  |TAMS 0x0000000082a00000, 0x0000000082a00000| Untracked 
|  17|0x0000000082b00000, 0x0000000082b00000, 0x0000000082c00000|  0%| F|  |TAMS 0x0000000082b00000, 0x0000000082b00000| Untracked 
|  18|0x0000000082c00000, 0x0000000082c00000, 0x0000000082d00000|  0%| F|  |TAMS 0x0000000082c00000, 0x0000000082c00000| Untracked 
|  19|0x0000000082d00000, 0x0000000082d00000, 0x0000000082e00000|  0%| F|  |TAMS 0x0000000082d00000, 0x0000000082d00000| Untracked 
|  20|0x0000000082e00000, 0x0000000082e00000, 0x0000000082f00000|  0%| F|  |TAMS 0x0000000082e00000, 0x0000000082e00000| Untracked 
|  21|0x0000000082f00000, 0x0000000082f00000, 0x0000000083000000|  0%| F|  |TAMS 0x0000000082f00000, 0x0000000082f00000| Untracked 
|  22|0x0000000083000000, 0x0000000083000000, 0x0000000083100000|  0%| F|  |TAMS 0x0000000083000000, 0x0000000083000000| Untracked 
|  23|0x0000000083100000, 0x0000000083100000, 0x0000000083200000|  0%| F|  |TAMS 0x0000000083100000, 0x0000000083100000| Untracked 
|  24|0x0000000083200000, 0x0000000083200000, 0x0000000083300000|  0%| F|  |TAMS 0x0000000083200000, 0x0000000083200000| Untracked 
|  25|0x0000000083300000, 0x0000000083300000, 0x0000000083400000|  0%| F|  |TAMS 0x0000000083300000, 0x0000000083300000| Untracked 
|  26|0x0000000083400000, 0x0000000083400000, 0x0000000083500000|  0%| F|  |TAMS 0x0000000083400000, 0x0000000083400000| Untracked 
|  27|0x0000000083500000, 0x0000000083500000, 0x0000000083600000|  0%| F|  |TAMS 0x0000000083500000, 0x0000000083500000| Untracked 
|  28|0x0000000083600000, 0x0000000083600000, 0x0000000083700000|  0%| F|  |TAMS 0x0000000083600000, 0x0000000083600000| Untracked 
|  29|0x0000000083700000, 0x0000000083700000, 0x0000000083800000|  0%| F|  |TAMS 0x0000000083700000, 0x0000000083700000| Untracked 
|  30|0x0000000083800000, 0x0000000083800000, 0x0000000083900000|  0%| F|  |TAMS 0x0000000083800000, 0x0000000083800000| Untracked 
|  31|0x0000000083900000, 0x0000000083900000, 0x0000000083a00000|  0%| F|  |TAMS 0x0000000083900000, 0x0000000083900000| Untracked 
|  32|0x0000000083a00000, 0x0000000083a00000, 0x0000000083b00000|  0%| F|  |TAMS 0x0000000083a00000, 0x0000000083a00000| Untracked 
|  33|0x0000000083b00000, 0x0000000083b00000, 0x0000000083c00000|  0%| F|  |TAMS 0x0000000083b00000, 0x0000000083b00000| Untracked 
|  34|0x0000000083c00000, 0x0000000083c00000, 0x0000000083d00000|  0%| F|  |TAMS 0x0000000083c00000, 0x0000000083c00000| Untracked 
|  35|0x0000000083d00000, 0x0000000083d00000, 0x0000000083e00000|  0%| F|  |TAMS 0x0000000083d00000, 0x0000000083d00000| Untracked 
|  36|0x0000000083e00000, 0x0000000083e00000, 0x0000000083f00000|  0%| F|  |TAMS 0x0000000083e00000, 0x0000000083e00000| Untracked 
|  37|0x0000000083f00000, 0x0000000083f00000, 0x0000000084000000|  0%| F|  |TAMS 0x0000000083f00000, 0x0000000083f00000| Untracked 
|  38|0x0000000084000000, 0x0000000084000000, 0x0000000084100000|  0%| F|  |TAMS 0x0000000084000000, 0x0000000084000000| Untracked 
|  39|0x0000000084100000, 0x0000000084100000, 0x0000000084200000|  0%| F|  |TAMS 0x0000000084100000, 0x0000000084100000| Untracked 
|  40|0x0000000084200000, 0x0000000084200000, 0x0000000084300000|  0%| F|  |TAMS 0x0000000084200000, 0x0000000084200000| Untracked 
|  41|0x0000000084300000, 0x0000000084300000, 0x0000000084400000|  0%| F|  |TAMS 0x0000000084300000, 0x0000000084300000| Untracked 
|  42|0x0000000084400000, 0x0000000084400000, 0x0000000084500000|  0%| F|  |TAMS 0x0000000084400000, 0x0000000084400000| Untracked 
|  43|0x0000000084500000, 0x0000000084500000, 0x0000000084600000|  0%| F|  |TAMS 0x0000000084500000, 0x0000000084500000| Untracked 
|  44|0x0000000084600000, 0x0000000084600000, 0x0000000084700000|  0%| F|  |TAMS 0x0000000084600000, 0x0000000084600000| Untracked 
|  45|0x0000000084700000, 0x0000000084700000, 0x0000000084800000|  0%| F|  |TAMS 0x0000000084700000, 0x0000000084700000| Untracked 
|  46|0x0000000084800000, 0x0000000084800000, 0x0000000084900000|  0%| F|  |TAMS 0x0000000084800000, 0x0000000084800000| Untracked 
|  47|0x0000000084900000, 0x0000000084900000, 0x0000000084a00000|  0%| F|  |TAMS 0x0000000084900000, 0x0000000084900000| Untracked 
|  48|0x0000000084a00000, 0x0000000084a00000, 0x0000000084b00000|  0%| F|  |TAMS 0x0000000084a00000, 0x0000000084a00000| Untracked 
|  49|0x0000000084b00000, 0x0000000084b00000, 0x0000000084c00000|  0%| F|  |TAMS 0x0000000084b00000, 0x0000000084b00000| Untracked 
|  50|0x0000000084c00000, 0x0000000084c00000, 0x0000000084d00000|  0%| F|  |TAMS 0x0000000084c00000, 0x0000000084c00000| Untracked 
|  51|0x0000000084d00000, 0x0000000084d00000, 0x0000000084e00000|  0%| F|  |TAMS 0x0000000084d00000, 0x0000000084d00000| Untracked 
|  52|0x0000000084e00000, 0x0000000084e00000, 0x0000000084f00000|  0%| F|  |TAMS 0x0000000084e00000, 0x0000000084e00000| Untracked 
|  53|0x0000000084f00000, 0x0000000084f00000, 0x0000000085000000|  0%| F|  |TAMS 0x0000000084f00000, 0x0000000084f00000| Untracked 
|  54|0x0000000085000000, 0x0000000085000000, 0x0000000085100000|  0%| F|  |TAMS 0x0000000085000000, 0x0000000085000000| Untracked 
|  55|0x0000000085100000, 0x0000000085100000, 0x0000000085200000|  0%| F|  |TAMS 0x0000000085100000, 0x0000000085100000| Untracked 
|  56|0x0000000085200000, 0x0000000085200000, 0x0000000085300000|  0%| F|  |TAMS 0x0000000085200000, 0x0000000085200000| Untracked 
|  57|0x0000000085300000, 0x0000000085300000, 0x0000000085400000|  0%| F|  |TAMS 0x0000000085300000, 0x0000000085300000| Untracked 
|  58|0x0000000085400000, 0x0000000085400000, 0x0000000085500000|  0%| F|  |TAMS 0x0000000085400000, 0x0000000085400000| Untracked 
|  59|0x0000000085500000, 0x0000000085500000, 0x0000000085600000|  0%| F|  |TAMS 0x0000000085500000, 0x0000000085500000| Untracked 
|  60|0x0000000085600000, 0x0000000085600000, 0x0000000085700000|  0%| F|  |TAMS 0x0000000085600000, 0x0000000085600000| Untracked 
|  61|0x0000000085700000, 0x0000000085700000, 0x0000000085800000|  0%| F|  |TAMS 0x0000000085700000, 0x0000000085700000| Untracked 
|  62|0x0000000085800000, 0x0000000085800000, 0x0000000085900000|  0%| F|  |TAMS 0x0000000085800000, 0x0000000085800000| Untracked 
|  63|0x0000000085900000, 0x0000000085900000, 0x0000000085a00000|  0%| F|  |TAMS 0x0000000085900000, 0x0000000085900000| Untracked 
|  64|0x0000000085a00000, 0x0000000085a00000, 0x0000000085b00000|  0%| F|  |TAMS 0x0000000085a00000, 0x0000000085a00000| Untracked 
|  65|0x0000000085b00000, 0x0000000085b00000, 0x0000000085c00000|  0%| F|  |TAMS 0x0000000085b00000, 0x0000000085b00000| Untracked 
|  66|0x0000000085c00000, 0x0000000085c00000, 0x0000000085d00000|  0%| F|  |TAMS 0x0000000085c00000, 0x0000000085c00000| Untracked 
|  67|0x0000000085d00000, 0x0000000085d00000, 0x0000000085e00000|  0%| F|  |TAMS 0x0000000085d00000, 0x0000000085d00000| Untracked 
|  68|0x0000000085e00000, 0x0000000085e00000, 0x0000000085f00000|  0%| F|  |TAMS 0x0000000085e00000, 0x0000000085e00000| Untracked 
|  69|0x0000000085f00000, 0x0000000085f00000, 0x0000000086000000|  0%| F|  |TAMS 0x0000000085f00000, 0x0000000085f00000| Untracked 
|  70|0x0000000086000000, 0x0000000086000000, 0x0000000086100000|  0%| F|  |TAMS 0x0000000086000000, 0x0000000086000000| Untracked 
|  71|0x0000000086100000, 0x0000000086100000, 0x0000000086200000|  0%| F|  |TAMS 0x0000000086100000, 0x0000000086100000| Untracked 
|  72|0x0000000086200000, 0x0000000086200000, 0x0000000086300000|  0%| F|  |TAMS 0x0000000086200000, 0x0000000086200000| Untracked 
|  73|0x0000000086300000, 0x0000000086300000, 0x0000000086400000|  0%| F|  |TAMS 0x0000000086300000, 0x0000000086300000| Untracked 
|  74|0x0000000086400000, 0x0000000086400000, 0x0000000086500000|  0%| F|  |TAMS 0x0000000086400000, 0x0000000086400000| Untracked 
|  75|0x0000000086500000, 0x0000000086500000, 0x0000000086600000|  0%| F|  |TAMS 0x0000000086500000, 0x0000000086500000| Untracked 
|  76|0x0000000086600000, 0x0000000086600000, 0x0000000086700000|  0%| F|  |TAMS 0x0000000086600000, 0x0000000086600000| Untracked 
|  77|0x0000000086700000, 0x0000000086700000, 0x0000000086800000|  0%| F|  |TAMS 0x0000000086700000, 0x0000000086700000| Untracked 
|  78|0x0000000086800000, 0x0000000086800000, 0x0000000086900000|  0%| F|  |TAMS 0x0000000086800000, 0x0000000086800000| Untracked 
|  79|0x0000000086900000, 0x0000000086900000, 0x0000000086a00000|  0%| F|  |TAMS 0x0000000086900000, 0x0000000086900000| Untracked 
|  80|0x0000000086a00000, 0x0000000086a00000, 0x0000000086b00000|  0%| F|  |TAMS 0x0000000086a00000, 0x0000000086a00000| Untracked 
|  81|0x0000000086b00000, 0x0000000086b00000, 0x0000000086c00000|  0%| F|  |TAMS 0x0000000086b00000, 0x0000000086b00000| Untracked 
|  82|0x0000000086c00000, 0x0000000086c00000, 0x0000000086d00000|  0%| F|  |TAMS 0x0000000086c00000, 0x0000000086c00000| Untracked 
|  83|0x0000000086d00000, 0x0000000086d00000, 0x0000000086e00000|  0%| F|  |TAMS 0x0000000086d00000, 0x0000000086d00000| Untracked 
|  84|0x0000000086e00000, 0x0000000086e00000, 0x0000000086f00000|  0%| F|  |TAMS 0x0000000086e00000, 0x0000000086e00000| Untracked 
|  85|0x0000000086f00000, 0x0000000086f00000, 0x0000000087000000|  0%| F|  |TAMS 0x0000000086f00000, 0x0000000086f00000| Untracked 
|  86|0x0000000087000000, 0x0000000087000000, 0x0000000087100000|  0%| F|  |TAMS 0x0000000087000000, 0x0000000087000000| Untracked 
|  87|0x0000000087100000, 0x0000000087100000, 0x0000000087200000|  0%| F|  |TAMS 0x0000000087100000, 0x0000000087100000| Untracked 
|  88|0x0000000087200000, 0x0000000087200000, 0x0000000087300000|  0%| F|  |TAMS 0x0000000087200000, 0x0000000087200000| Untracked 
|  89|0x0000000087300000, 0x0000000087300000, 0x0000000087400000|  0%| F|  |TAMS 0x0000000087300000, 0x0000000087300000| Untracked 
|  90|0x0000000087400000, 0x0000000087400000, 0x0000000087500000|  0%| F|  |TAMS 0x0000000087400000, 0x0000000087400000| Untracked 
|  91|0x0000000087500000, 0x0000000087500000, 0x0000000087600000|  0%| F|  |TAMS 0x0000000087500000, 0x0000000087500000| Untracked 
|  92|0x0000000087600000, 0x0000000087600000, 0x0000000087700000|  0%| F|  |TAMS 0x0000000087600000, 0x0000000087600000| Untracked 
|  93|0x0000000087700000, 0x0000000087700000, 0x0000000087800000|  0%| F|  |TAMS 0x0000000087700000, 0x0000000087700000| Untracked 
|  94|0x0000000087800000, 0x0000000087800000, 0x0000000087900000|  0%| F|  |TAMS 0x0000000087800000, 0x0000000087800000| Untracked 
|  95|0x0000000087900000, 0x0000000087900000, 0x0000000087a00000|  0%| F|  |TAMS 0x0000000087900000, 0x0000000087900000| Untracked 
|  96|0x0000000087a00000, 0x0000000087a00000, 0x0000000087b00000|  0%| F|  |TAMS 0x0000000087a00000, 0x0000000087a00000| Untracked 
|  97|0x0000000087b00000, 0x0000000087b00000, 0x0000000087c00000|  0%| F|  |TAMS 0x0000000087b00000, 0x0000000087b00000| Untracked 
|  98|0x0000000087c00000, 0x0000000087c00000, 0x0000000087d00000|  0%| F|  |TAMS 0x0000000087c00000, 0x0000000087c00000| Untracked 
|  99|0x0000000087d00000, 0x0000000087d00000, 0x0000000087e00000|  0%| F|  |TAMS 0x0000000087d00000, 0x0000000087d00000| Untracked 
| 100|0x0000000087e00000, 0x0000000087e00000, 0x0000000087f00000|  0%| F|  |TAMS 0x0000000087e00000, 0x0000000087e00000| Untracked 
| 101|0x0000000087f00000, 0x0000000087f00000, 0x0000000088000000|  0%| F|  |TAMS 0x0000000087f00000, 0x0000000087f00000| Untracked 
| 102|0x0000000088000000, 0x0000000088000000, 0x0000000088100000|  0%| F|  |TAMS 0x0000000088000000, 0x0000000088000000| Untracked 
| 103|0x0000000088100000, 0x0000000088100000, 0x0000000088200000|  0%| F|  |TAMS 0x0000000088100000, 0x0000000088100000| Untracked 
| 104|0x0000000088200000, 0x0000000088200000, 0x0000000088300000|  0%| F|  |TAMS 0x0000000088200000, 0x0000000088200000| Untracked 
| 105|0x0000000088300000, 0x0000000088300000, 0x0000000088400000|  0%| F|  |TAMS 0x0000000088300000, 0x0000000088300000| Untracked 
| 106|0x0000000088400000, 0x0000000088400000, 0x0000000088500000|  0%| F|  |TAMS 0x0000000088400000, 0x0000000088400000| Untracked 
| 107|0x0000000088500000, 0x0000000088500000, 0x0000000088600000|  0%| F|  |TAMS 0x0000000088500000, 0x0000000088500000| Untracked 
| 108|0x0000000088600000, 0x0000000088600000, 0x0000000088700000|  0%| F|  |TAMS 0x0000000088600000, 0x0000000088600000| Untracked 
| 109|0x0000000088700000, 0x0000000088700000, 0x0000000088800000|  0%| F|  |TAMS 0x0000000088700000, 0x0000000088700000| Untracked 
| 110|0x0000000088800000, 0x0000000088800000, 0x0000000088900000|  0%| F|  |TAMS 0x0000000088800000, 0x0000000088800000| Untracked 
| 111|0x0000000088900000, 0x0000000088900000, 0x0000000088a00000|  0%| F|  |TAMS 0x0000000088900000, 0x0000000088900000| Untracked 
| 112|0x0000000088a00000, 0x0000000088a00000, 0x0000000088b00000|  0%| F|  |TAMS 0x0000000088a00000, 0x0000000088a00000| Untracked 
| 113|0x0000000088b00000, 0x0000000088b00000, 0x0000000088c00000|  0%| F|  |TAMS 0x0000000088b00000, 0x0000000088b00000| Untracked 
| 114|0x0000000088c00000, 0x0000000088c00000, 0x0000000088d00000|  0%| F|  |TAMS 0x0000000088c00000, 0x0000000088c00000| Untracked 
| 115|0x0000000088d00000, 0x0000000088d00000, 0x0000000088e00000|  0%| F|  |TAMS 0x0000000088d00000, 0x0000000088d00000| Untracked 
| 116|0x0000000088e00000, 0x0000000088e00000, 0x0000000088f00000|  0%| F|  |TAMS 0x0000000088e00000, 0x0000000088e00000| Untracked 
| 117|0x0000000088f00000, 0x0000000088f00000, 0x0000000089000000|  0%| F|  |TAMS 0x0000000088f00000, 0x0000000088f00000| Untracked 
| 118|0x0000000089000000, 0x0000000089000000, 0x0000000089100000|  0%| F|  |TAMS 0x0000000089000000, 0x0000000089000000| Untracked 
| 119|0x0000000089100000, 0x0000000089100000, 0x0000000089200000|  0%| F|  |TAMS 0x0000000089100000, 0x0000000089100000| Untracked 
| 120|0x0000000089200000, 0x0000000089200000, 0x0000000089300000|  0%| F|  |TAMS 0x0000000089200000, 0x0000000089200000| Untracked 
| 121|0x0000000089300000, 0x00000000893bd6d8, 0x0000000089400000| 73%| S|CS|TAMS 0x0000000089300000, 0x0000000089300000| Complete 
| 122|0x0000000089400000, 0x0000000089500000, 0x0000000089500000|100%| S|CS|TAMS 0x0000000089400000, 0x0000000089400000| Complete 
| 123|0x0000000089500000, 0x0000000089500000, 0x0000000089600000|  0%| F|  |TAMS 0x0000000089500000, 0x0000000089500000| Untracked 
| 124|0x0000000089600000, 0x0000000089600000, 0x0000000089700000|  0%| F|  |TAMS 0x0000000089600000, 0x0000000089600000| Untracked 
| 125|0x0000000089700000, 0x0000000089700000, 0x0000000089800000|  0%| F|  |TAMS 0x0000000089700000, 0x0000000089700000| Untracked 
| 126|0x0000000089800000, 0x0000000089800000, 0x0000000089900000|  0%| F|  |TAMS 0x0000000089800000, 0x0000000089800000| Untracked 
| 127|0x0000000089900000, 0x0000000089900000, 0x0000000089a00000|  0%| F|  |TAMS 0x0000000089900000, 0x0000000089900000| Untracked 

Card table byte_map: [0x0000023c97020000,0x0000023c97420000] _byte_map_base: 0x0000023c96c13000

Marking Bits (Prev, Next): (CMBitMap*) 0x0000023cfd2f6328, (CMBitMap*) 0x0000023cfd2f6360
 Prev Bits: [0x0000023c97820000, 0x0000023c997b8000)
 Next Bits: [0x0000023c997c0000, 0x0000023c9b758000)

Polling page: 0x0000023c80000000

Metaspace:

Usage:
  Non-class:      6.48 MB capacity,     6.41 MB ( 99%) used,    63.23 KB ( <1%) free+waste,     4.13 KB ( <1%) overhead. 
      Class:    670.00 KB capacity,   643.44 KB ( 96%) used,    24.63 KB (  4%) free+waste,     1.94 KB ( <1%) overhead. 
       Both:      7.13 MB capacity,     7.04 MB ( 99%) used,    87.85 KB (  1%) free+waste,     6.06 KB ( <1%) overhead. 

Virtual space:
  Non-class space:       16.00 MB reserved,       6.50 MB ( 41%) committed 
      Class space:        1.00 GB reserved,     768.00 KB ( <1%) committed 
             Both:        1.02 GB reserved,       7.25 MB ( <1%) committed 

Chunk freelists:
   Non-Class:  2.88 KB
       Class:  256 bytes
        Both:  3.13 KB

CodeHeap 'non-profiled nmethods': size=120064Kb used=105Kb max_used=105Kb free=119958Kb
 bounds [0x0000023c8f0b0000, 0x0000023c8f320000, 0x0000023c965f0000]
CodeHeap 'profiled nmethods': size=120000Kb used=589Kb max_used=589Kb free=119410Kb
 bounds [0x0000023c87b80000, 0x0000023c87df0000, 0x0000023c8f0b0000]
CodeHeap 'non-nmethods': size=5696Kb used=1056Kb max_used=1069Kb free=4639Kb
 bounds [0x0000023c875f0000, 0x0000023c87860000, 0x0000023c87b80000]
 total_blobs=710 nmethods=363 adapters=259
 compilation: enabled
              stopped_count=0, restarted_count=0
 full_count=0

Compilation events (10 events):
Event: 0.744 Thread 0x0000023c9dddd000  360   !   3       jdk.internal.loader.BuiltinClassLoader::loadClassOrNull (143 bytes)
Event: 0.744 Thread 0x0000023c9ddd1800 nmethod 354 0x0000023c8f0c9a10 code [0x0000023c8f0c9ba0, 0x0000023c8f0c9f98]
Event: 0.744 Thread 0x0000023c9ddd1800  362       4       java.util.concurrent.ConcurrentHashMap::tabAt (22 bytes)
Event: 0.745 Thread 0x0000023c9ddd1800 nmethod 362 0x0000023c8f0ca290 code [0x0000023c8f0ca400, 0x0000023c8f0ca458]
Event: 0.745 Thread 0x0000023c9ddd1800  363       4       java.lang.StringLatin1::replace (196 bytes)
Event: 0.746 Thread 0x0000023c9dddd000 nmethod 360 0x0000023c87c0f790 code [0x0000023c87c0fae0, 0x0000023c87c11288]
Event: 0.746 Thread 0x0000023c9dddd000  361       3       java.lang.ClassLoader::getClassLoadingLock (35 bytes)
Event: 0.746 Thread 0x0000023c9dddd000 nmethod 361 0x0000023c87c11c90 code [0x0000023c87c11e40, 0x0000023c87c12128]
Event: 0.746 Thread 0x0000023c9dddd000  364       3       java.net.URLStreamHandler::setURL (73 bytes)
Event: 0.747 Thread 0x0000023c9dddd000 nmethod 364 0x0000023c87c12290 code [0x0000023c87c12540, 0x0000023c87c13238]

GC Heap History (2 events):
Event: 0.751 GC heap before
{Heap before GC invocations=0 (full 0):
 garbage-first heap   total 131072K, used 4096K [0x0000000081a00000, 0x0000000100000000)
  region size 1024K, 5 young (5120K), 0 survivors (0K)
 Metaspace       used 7209K, capacity 7303K, committed 7424K, reserved 1062912K
  class space    used 643K, capacity 670K, committed 768K, reserved 1048576K
}
Event: 0.755 GC heap after
{Heap after GC invocations=1 (full 0):
 garbage-first heap   total 131072K, used 1781K [0x0000000081a00000, 0x0000000100000000)
  region size 1024K, 2 young (2048K), 2 survivors (2048K)
 Metaspace       used 7209K, capacity 7303K, committed 7424K, reserved 1062912K
  class space    used 643K, capacity 670K, committed 768K, reserved 1048576K
}

Deoptimization events (0 events):
No events

Classes redefined (0 events):
No events

Internal exceptions (0 events):
No events

Events (10 events):
Event: 0.748 loading class java/util/LinkedHashMap$LinkedKeySet
Event: 0.748 loading class java/util/LinkedHashMap$LinkedKeySet done
Event: 0.749 loading class java/util/LinkedHashMap$LinkedKeyIterator
Event: 0.749 loading class java/util/LinkedHashMap$LinkedHashIterator
Event: 0.749 loading class java/util/LinkedHashMap$LinkedHashIterator done
Event: 0.749 loading class java/util/LinkedHashMap$LinkedKeyIterator done
Event: 0.749 loading class com/beust/jcommander/Parameter
Event: 0.749 loading class com/beust/jcommander/Parameter done
Event: 0.750 loading class sun/reflect/generics/parser/SignatureParser
Event: 0.750 Executing VM operation: CollectForMetadataAllocation


Dynamic libraries:
0x00007ff7f64f0000 - 0x00007ff7f64ff000 	C:\Program Files\Java\jdk-11.0.16.1\bin\java.exe
0x00007ff952530000 - 0x00007ff952728000 	C:\WINDOWS\SYSTEM32\ntdll.dll
0x00007ff952390000 - 0x00007ff95244d000 	C:\WINDOWS\System32\KERNEL32.DLL
0x00007ff950190000 - 0x00007ff95045e000 	C:\WINDOWS\System32\KERNELBASE.dll
0x00007ff94fcf0000 - 0x00007ff94fdf0000 	C:\WINDOWS\System32\ucrtbase.dll
0x00007ff937360000 - 0x00007ff937375000 	C:\Program Files\Java\jdk-11.0.16.1\bin\VCRUNTIME140.dll
0x00007ff939880000 - 0x00007ff939898000 	C:\Program Files\Java\jdk-11.0.16.1\bin\jli.dll
0x00007ff950ac0000 - 0x00007ff950b6e000 	C:\WINDOWS\System32\ADVAPI32.dll
0x00007ff950b70000 - 0x00007ff950c0e000 	C:\WINDOWS\System32\msvcrt.dll
0x00007ff952450000 - 0x00007ff9524ec000 	C:\WINDOWS\System32\sechost.dll
0x00007ff950640000 - 0x00007ff950765000 	C:\WINDOWS\System32\RPCRT4.dll
0x00007ff950900000 - 0x00007ff950aa0000 	C:\WINDOWS\System32\USER32.dll
0x00007ff94fe40000 - 0x00007ff94fe62000 	C:\WINDOWS\System32\win32u.dll
0x00007ff93cf70000 - 0x00007ff93d20a000 	C:\WINDOWS\WinSxS\amd64_microsoft.windows.common-controls_6595b64144ccf1df_6.0.19041.1110_none_60b5254171f9507e\COMCTL32.dll
0x00007ff951240000 - 0x00007ff95126a000 	C:\WINDOWS\System32\GDI32.dll
0x00007ff94ffd0000 - 0x00007ff9500db000 	C:\WINDOWS\System32\gdi32full.dll
0x00007ff94fc50000 - 0x00007ff94fced000 	C:\WINDOWS\System32\msvcp_win.dll
0x00007ff948c30000 - 0x00007ff948c3a000 	C:\WINDOWS\SYSTEM32\VERSION.dll
0x00007ff950c70000 - 0x00007ff950ca0000 	C:\WINDOWS\System32\IMM32.DLL
0x00007ff91be00000 - 0x00007ff91be9b000 	C:\Program Files\Java\jdk-11.0.16.1\bin\msvcp140.dll
0x00007ff8de060000 - 0x00007ff8deb78000 	C:\Program Files\Java\jdk-11.0.16.1\bin\server\jvm.dll
0x00007ff950770000 - 0x00007ff950778000 	C:\WINDOWS\System32\PSAPI.DLL
0x00007ff93ec90000 - 0x00007ff93ec99000 	C:\WINDOWS\SYSTEM32\WSOCK32.dll
0x00007ff93ed70000 - 0x00007ff93ed97000 	C:\WINDOWS\SYSTEM32\WINMM.dll
0x00007ff951000000 - 0x00007ff95106b000 	C:\WINDOWS\System32\WS2_32.dll
0x00007ff94db50000 - 0x00007ff94db62000 	C:\WINDOWS\SYSTEM32\kernel.appcore.dll
0x00007ff93ed50000 - 0x00007ff93ed60000 	C:\Program Files\Java\jdk-11.0.16.1\bin\verify.dll
0x00007ff939300000 - 0x00007ff9394e4000 	C:\WINDOWS\SYSTEM32\DBGHELP.DLL
0x00007ff9392d0000 - 0x00007ff9392fc000 	C:\WINDOWS\SYSTEM32\dbgcore.DLL
0x00007ff950490000 - 0x00007ff950512000 	C:\WINDOWS\System32\bcryptPrimitives.dll
0x00007ff937330000 - 0x00007ff937358000 	C:\Program Files\Java\jdk-11.0.16.1\bin\java.dll
0x00007ff93ed30000 - 0x00007ff93ed3a000 	C:\Program Files\Java\jdk-11.0.16.1\bin\jimage.dll
0x00007ff937560000 - 0x00007ff93756e000 	C:\Program Files\Java\jdk-11.0.16.1\bin\instrument.dll
0x00007ff937270000 - 0x00007ff937286000 	C:\Program Files\Java\jdk-11.0.16.1\bin\zip.dll
0x00007ff951350000 - 0x00007ff951a94000 	C:\WINDOWS\System32\SHELL32.dll
0x00007ff94dd50000 - 0x00007ff94e4e4000 	C:\WINDOWS\SYSTEM32\windows.storage.dll
0x00007ff950ca0000 - 0x00007ff950ff4000 	C:\WINDOWS\System32\combase.dll
0x00007ff94f6b0000 - 0x00007ff94f6e0000 	C:\WINDOWS\SYSTEM32\Wldp.dll
0x00007ff950850000 - 0x00007ff9508fd000 	C:\WINDOWS\System32\SHCORE.dll
0x00007ff951270000 - 0x00007ff9512c5000 	C:\WINDOWS\System32\shlwapi.dll
0x00007ff94fb90000 - 0x00007ff94fbaf000 	C:\WINDOWS\SYSTEM32\profapi.dll
0x00007ff937250000 - 0x00007ff937269000 	C:\Program Files\Java\jdk-11.0.16.1\bin\net.dll
0x00007ff93f050000 - 0x00007ff93f15a000 	C:\WINDOWS\SYSTEM32\WINHTTP.dll
0x00007ff94f410000 - 0x00007ff94f47a000 	C:\WINDOWS\system32\mswsock.dll
0x00007ff937230000 - 0x00007ff937242000 	C:\Program Files\Java\jdk-11.0.16.1\bin\nio.dll
0x00007ff92c0a0000 - 0x00007ff92c0ba000 	C:\Program Files\JetBrains\IntelliJ IDEA Community Edition 2022.2.2\bin\breakgen64.dll

dbghelp: loaded successfully - version: 4.0.5 - missing functions: none
symbol engine: initialized successfully - sym options: 0x614 - pdb path: .;C:\Program Files\Java\jdk-11.0.16.1\bin;C:\WINDOWS\SYSTEM32;C:\WINDOWS\WinSxS\amd64_microsoft.windows.common-controls_6595b64144ccf1df_6.0.19041.1110_none_60b5254171f9507e;C:\Program Files\Java\jdk-11.0.16.1\bin\server;C:\Program Files\JetBrains\IntelliJ IDEA Community Edition 2022.2.2\bin

VM Arguments:
jvm_args: -ea -Didea.test.cyclic.buffer.size=1048576 -javaagent:C:\Program Files\JetBrains\IntelliJ IDEA Community Edition 2022.2.2\lib\idea_rt.jar=64790:C:\Program Files\JetBrains\IntelliJ IDEA Community Edition 2022.2.2\bin -Dfile.encoding=UTF-8 
java_command: com.intellij.rt.testng.RemoteTestNGStarter -usedefaultlisteners false -socket64789 @w@C:\Users\Golden\AppData\Local\Temp\idea_working_dirs_testng1.tmp -temp C:\Users\Golden\AppData\Local\Temp\idea_testng1.tmp
java_class_path (initial): C:\Program Files\JetBrains\IntelliJ IDEA Community Edition 2022.2.2\lib\idea_rt.jar;C:\Program Files\JetBrains\IntelliJ IDEA Community Edition 2022.2.2\plugins\testng\lib\testng-rt.jar;F:\selenium\webdriver_selenium\target\test-classes;F:\selenium\webdriver_selenium\target\classes;C:\Users\Golden\.m2\repository\org\seleniumhq\selenium\selenium-chrome-driver\3.141.59\selenium-chrome-driver-3.141.59.jar;C:\Users\Golden\.m2\repository\org\seleniumhq\selenium\selenium-api\3.141.59\selenium-api-3.141.59.jar;C:\Users\Golden\.m2\repository\org\seleniumhq\selenium\selenium-remote-driver\3.141.59\selenium-remote-driver-3.141.59.jar;C:\Users\Golden\.m2\repository\net\bytebuddy\byte-buddy\1.8.15\byte-buddy-1.8.15.jar;C:\Users\Golden\.m2\repository\org\apache\commons\commons-exec\1.3\commons-exec-1.3.jar;C:\Users\Golden\.m2\repository\com\google\guava\guava\25.0-jre\guava-25.0-jre.jar;C:\Users\Golden\.m2\repository\com\google\code\findbugs\jsr305\1.3.9\jsr305-1.3.9.jar;C:\Users\Golden\.m2\repository\org\checkerframework\checker-compat-qual\2.0.0\checker-compat-qual-2.0.0.jar;C:\Users\Golden\.m2\repository\com\google\errorprone\error_prone_annotations\2.1.3\error_prone_annotations-2.1.3.jar;C:\Users\Golden\.m2\repository\com\google\j2objc\j2objc-annotations\1.1\j2objc-annotations-1.1.jar;C:\Users\Golden\.m2\repository\org\codehaus\mojo\animal-sniffer-annotations\1.14\animal-sniffer-annotations-1.14.jar;C:\Users\Golden\.m2\repository\com\squareup\okhttp3\okhttp\3.11.0\okhttp-3.11.0.jar;C:\Users\Golden\.m2\repository\com\squareup\okio\okio\1.14.0\okio-1.14.0.jar;C:\Users\Golden\.m2\repository\org\testng\testng\6.14.3\testng-6.14.3.jar;C:\Users\Golden\.m2\repository\com\beust\jcommander\1.72\jcommander-1.72.jar;C:\Users\Golden\.m2\repository\org\apache-extras\beanshell\bsh\2.0b6\bsh-2.0b6.jar;C:\Users\Golden\.m2\repository\org\seleniumhq\selenium\selenium-support\3.141.59\selenium-support-3.141.59.jar
Launcher Type: SUN_STANDARD

[Global flags]
     intx CICompilerCount                          = 3                                         {product} {ergonomic}
     uint ConcGCThreads                            = 1                                         {product} {ergonomic}
     uint G1ConcRefinementThreads                  = 4                                         {product} {ergonomic}
   size_t G1HeapRegionSize                         = 1048576                                   {product} {ergonomic}
    uintx GCDrainStackTargetSize                   = 64                                        {product} {ergonomic}
   size_t InitialHeapSize                          = 134217728                                 {product} {ergonomic}
   size_t MarkStackSize                            = 4194304                                   {product} {ergonomic}
   size_t MaxHeapSize                              = 2120220672                                {product} {ergonomic}
   size_t MaxNewSize                               = 1271922688                                {product} {ergonomic}
   size_t MinHeapDeltaBytes                        = 1048576                                   {product} {ergonomic}
    uintx NonNMethodCodeHeapSize                   = 5830732                                {pd product} {ergonomic}
    uintx NonProfiledCodeHeapSize                  = 122913754                              {pd product} {ergonomic}
    uintx ProfiledCodeHeapSize                     = 122913754                              {pd product} {ergonomic}
    uintx ReservedCodeCacheSize                    = 251658240                              {pd product} {ergonomic}
     bool SegmentedCodeCache                       = true                                      {product} {ergonomic}
     bool UseCompressedClassPointers               = true                                 {lp64_product} {ergonomic}
     bool UseCompressedOops                        = true                                 {lp64_product} {ergonomic}
     bool UseG1GC                                  = true                                      {product} {ergonomic}
     bool UseLargePagesIndividualAllocation        = false                                  {pd product} {ergonomic}

Logging:
Log output configuration:
 #0: stdout all=warning uptime,level,tags
 #1: stderr all=off uptime,level,tags

Environment Variables:
CLASSPATH="C:\WINDOWS\system32\QTJava.zip"
PATH=C:\Program Files\Common Files\Oracle\Java\javapath;C:\Program Files (x86)\Common Files\Oracle\Java\javapath;C:\WINDOWS\system32;C:\WINDOWS;C:\WINDOWS\System32\Wbem;C:\WINDOWS\System32\WindowsPowerShell\v1.0\;C:\WINDOWS\System32\OpenSSH\;C:\Program Files (x86)\Pulse Secure\VC142.CRT\X64\;C:\Program Files (x86)\Pulse Secure\VC142.CRT\X86\;C:\Program Files (x86)\Common Files\Pulse Secure\TNC Client Plugin\;C:\Program Files\Git\cmd;C:\Users\Golden\AppData\Local\Microsoft\WindowsApps;C:\Users\Golden\AppData\Local\Programs\Microsoft VS Code\bin;C:\Users\Golden\AppData\Local\GitHubDesktop\bin;C:\Program Files\JetBrains\IntelliJ IDEA Community Edition 2022.2.2\bin;
USERNAME=Golden
OS=Windows_NT
PROCESSOR_IDENTIFIER=Intel64 Family 6 Model 78 Stepping 3, GenuineIntel



---------------  S Y S T E M  ---------------

OS: Windows 10 , 64 bit Build 19041 (10.0.19041.1889)

CPU:total 4 (initial active 4) (2 cores per cpu, 2 threads per core) family 6 model 78 stepping 3 microcode 0xcc, cmov, cx8, fxsr, mmx, sse, sse2, sse3, ssse3, sse4.1, sse4.2, popcnt, avx, avx2, aes, clmul, erms, 3dnowpref, lzcnt, ht, tsc, tscinvbit, bmi1, bmi2, adx, fma

Memory: 4k page, system-wide physical 8083M (1762M free)
TotalPageFile size 10321M (AvailPageFile size 3M)
current process WorkingSet (physical memory assigned to process): 47M, peak: 47M
current process commit charge ("private bytes"): 204M, peak: 205M

vm_info: Java HotSpot(TM) 64-Bit Server VM (11.0.16.1+1-LTS-1) for windows-amd64 JRE (11.0.16.1+1-LTS-1), built on Aug 16 2022 01:46:01 by "mach5one" with MS VC++ 15.9 (VS2017)

END.
